mode: set
_/Users/liweizhang/google_drive/goworkplace/src/jsonutil/equalChecker.go:33.67,34.36 1 1
_/Users/liweizhang/google_drive/goworkplace/src/jsonutil/equalChecker.go:37.2,37.33 1 1
_/Users/liweizhang/google_drive/goworkplace/src/jsonutil/equalChecker.go:102.2,102.14 1 1
_/Users/liweizhang/google_drive/goworkplace/src/jsonutil/equalChecker.go:34.36,36.3 1 1
_/Users/liweizhang/google_drive/goworkplace/src/jsonutil/equalChecker.go:38.2,40.9 2 1
_/Users/liweizhang/google_drive/goworkplace/src/jsonutil/equalChecker.go:45.2,47.9 2 1
_/Users/liweizhang/google_drive/goworkplace/src/jsonutil/equalChecker.go:52.2,54.9 2 1
_/Users/liweizhang/google_drive/goworkplace/src/jsonutil/equalChecker.go:59.2,61.9 2 1
_/Users/liweizhang/google_drive/goworkplace/src/jsonutil/equalChecker.go:64.2,66.41 2 1
_/Users/liweizhang/google_drive/goworkplace/src/jsonutil/equalChecker.go:67.2,69.44 2 1
_/Users/liweizhang/google_drive/goworkplace/src/jsonutil/equalChecker.go:70.2,72.43 2 1
_/Users/liweizhang/google_drive/goworkplace/src/jsonutil/equalChecker.go:73.2,76.9 2 1
_/Users/liweizhang/google_drive/goworkplace/src/jsonutil/equalChecker.go:79.2,81.9 2 1
_/Users/liweizhang/google_drive/goworkplace/src/jsonutil/equalChecker.go:86.2,88.9 2 1
_/Users/liweizhang/google_drive/goworkplace/src/jsonutil/equalChecker.go:99.2,100.140 1 1
_/Users/liweizhang/google_drive/goworkplace/src/jsonutil/equalChecker.go:40.9,41.24 1 1
_/Users/liweizhang/google_drive/goworkplace/src/jsonutil/equalChecker.go:41.24,43.5 1 1
_/Users/liweizhang/google_drive/goworkplace/src/jsonutil/equalChecker.go:47.9,48.24 1 1
_/Users/liweizhang/google_drive/goworkplace/src/jsonutil/equalChecker.go:48.24,50.5 1 1
_/Users/liweizhang/google_drive/goworkplace/src/jsonutil/equalChecker.go:54.9,55.24 1 1
_/Users/liweizhang/google_drive/goworkplace/src/jsonutil/equalChecker.go:55.24,57.5 1 1
_/Users/liweizhang/google_drive/goworkplace/src/jsonutil/equalChecker.go:61.9,63.4 1 1
_/Users/liweizhang/google_drive/goworkplace/src/jsonutil/equalChecker.go:76.9,78.4 1 1
_/Users/liweizhang/google_drive/goworkplace/src/jsonutil/equalChecker.go:81.9,82.24 1 1
_/Users/liweizhang/google_drive/goworkplace/src/jsonutil/equalChecker.go:82.24,84.5 1 1
_/Users/liweizhang/google_drive/goworkplace/src/jsonutil/equalChecker.go:88.9,91.31 3 1
_/Users/liweizhang/google_drive/goworkplace/src/jsonutil/equalChecker.go:94.4,94.31 1 1
_/Users/liweizhang/google_drive/goworkplace/src/jsonutil/equalChecker.go:97.4,97.44 1 1
_/Users/liweizhang/google_drive/goworkplace/src/jsonutil/equalChecker.go:91.31,93.5 1 1
_/Users/liweizhang/google_drive/goworkplace/src/jsonutil/equalChecker.go:94.31,96.5 1 1
_/Users/liweizhang/google_drive/goworkplace/src/jsonutil/equalChecker.go:106.110,107.32 1 1
_/Users/liweizhang/google_drive/goworkplace/src/jsonutil/equalChecker.go:115.2,115.14 1 1
_/Users/liweizhang/google_drive/goworkplace/src/jsonutil/equalChecker.go:107.32,108.28 1 1
_/Users/liweizhang/google_drive/goworkplace/src/jsonutil/equalChecker.go:113.3,113.14 1 1
_/Users/liweizhang/google_drive/goworkplace/src/jsonutil/equalChecker.go:108.28,109.50 1 1
_/Users/liweizhang/google_drive/goworkplace/src/jsonutil/equalChecker.go:109.50,111.5 1 1
_/Users/liweizhang/google_drive/goworkplace/src/jsonutil/equalChecker.go:119.57,120.32 1 1
_/Users/liweizhang/google_drive/goworkplace/src/jsonutil/equalChecker.go:128.2,128.14 1 1
_/Users/liweizhang/google_drive/goworkplace/src/jsonutil/equalChecker.go:120.32,121.28 1 1
_/Users/liweizhang/google_drive/goworkplace/src/jsonutil/equalChecker.go:126.3,126.14 1 1
_/Users/liweizhang/google_drive/goworkplace/src/jsonutil/equalChecker.go:121.28,122.22 1 1
_/Users/liweizhang/google_drive/goworkplace/src/jsonutil/equalChecker.go:122.22,124.5 1 1
_/Users/liweizhang/google_drive/goworkplace/src/jsonutil/equalChecker.go:132.66,133.32 1 1
_/Users/liweizhang/google_drive/goworkplace/src/jsonutil/equalChecker.go:141.2,141.14 1 1
_/Users/liweizhang/google_drive/goworkplace/src/jsonutil/equalChecker.go:133.32,134.28 1 1
_/Users/liweizhang/google_drive/goworkplace/src/jsonutil/equalChecker.go:139.3,139.14 1 1
_/Users/liweizhang/google_drive/goworkplace/src/jsonutil/equalChecker.go:134.28,135.22 1 1
_/Users/liweizhang/google_drive/goworkplace/src/jsonutil/equalChecker.go:135.22,137.5 1 1
_/Users/liweizhang/google_drive/goworkplace/src/jsonutil/equalChecker.go:145.63,146.32 1 1
_/Users/liweizhang/google_drive/goworkplace/src/jsonutil/equalChecker.go:154.2,154.14 1 1
_/Users/liweizhang/google_drive/goworkplace/src/jsonutil/equalChecker.go:146.32,147.28 1 1
_/Users/liweizhang/google_drive/goworkplace/src/jsonutil/equalChecker.go:152.3,152.14 1 1
_/Users/liweizhang/google_drive/goworkplace/src/jsonutil/equalChecker.go:147.28,148.22 1 1
_/Users/liweizhang/google_drive/goworkplace/src/jsonutil/equalChecker.go:148.22,150.5 1 1
_/Users/liweizhang/google_drive/goworkplace/src/jsonutil/equalChecker.go:158.97,159.28 1 1
_/Users/liweizhang/google_drive/goworkplace/src/jsonutil/equalChecker.go:167.2,167.14 1 1
_/Users/liweizhang/google_drive/goworkplace/src/jsonutil/equalChecker.go:159.28,160.34 1 1
_/Users/liweizhang/google_drive/goworkplace/src/jsonutil/equalChecker.go:165.3,165.14 1 1
_/Users/liweizhang/google_drive/goworkplace/src/jsonutil/equalChecker.go:160.34,161.44 1 1
_/Users/liweizhang/google_drive/goworkplace/src/jsonutil/equalChecker.go:161.44,163.5 1 1
_/Users/liweizhang/google_drive/goworkplace/src/jsonutil/mapValueType.go:20.99,22.2 1 1
_/Users/liweizhang/google_drive/goworkplace/src/jsonutil/mapValueType.go:25.100,27.22 2 0
_/Users/liweizhang/google_drive/goworkplace/src/jsonutil/mapValueType.go:30.2,30.10 1 0
_/Users/liweizhang/google_drive/goworkplace/src/jsonutil/mapValueType.go:27.22,29.3 1 0
_/Users/liweizhang/google_drive/goworkplace/src/jsonutil/mapValueType.go:34.102,35.16 1 0
_/Users/liweizhang/google_drive/goworkplace/src/jsonutil/mapValueType.go:38.2,38.68 1 0
_/Users/liweizhang/google_drive/goworkplace/src/jsonutil/mapValueType.go:35.16,37.3 1 0
_/Users/liweizhang/google_drive/goworkplace/src/jsonutil/typeFinder.go:18.51,20.18 2 1
_/Users/liweizhang/google_drive/goworkplace/src/jsonutil/typeFinder.go:53.2,53.24 1 1
_/Users/liweizhang/google_drive/goworkplace/src/jsonutil/typeFinder.go:21.2,22.18 1 1
_/Users/liweizhang/google_drive/goworkplace/src/jsonutil/typeFinder.go:25.2,26.27 1 1
_/Users/liweizhang/google_drive/goworkplace/src/jsonutil/typeFinder.go:29.2,30.24 1 1
_/Users/liweizhang/google_drive/goworkplace/src/jsonutil/typeFinder.go:31.2,32.25 1 1
_/Users/liweizhang/google_drive/goworkplace/src/jsonutil/typeFinder.go:33.2,34.22 1 1
_/Users/liweizhang/google_drive/goworkplace/src/jsonutil/typeFinder.go:50.2,51.111 1 1
_/Users/liweizhang/google_drive/goworkplace/src/jsonutil/typeFinder.go:22.18,24.4 1 1
_/Users/liweizhang/google_drive/goworkplace/src/jsonutil/typeFinder.go:26.27,28.4 1 1
_/Users/liweizhang/google_drive/goworkplace/src/jsonutil/typeFinder.go:57.58,59.8 2 1
_/Users/liweizhang/google_drive/goworkplace/src/jsonutil/typeFinder.go:66.2,66.31 1 1
_/Users/liweizhang/google_drive/goworkplace/src/jsonutil/typeFinder.go:59.8,61.11 2 1
_/Users/liweizhang/google_drive/goworkplace/src/jsonutil/typeFinder.go:64.3,64.11 1 1
_/Users/liweizhang/google_drive/goworkplace/src/jsonutil/typeFinder.go:61.11,63.4 1 1
_/Users/liweizhang/google_drive/goworkplace/src/jsonutil/valueTypesInMap.go:9.110,10.22 1 1
_/Users/liweizhang/google_drive/goworkplace/src/jsonutil/valueTypesInMap.go:15.2,15.30 1 1
_/Users/liweizhang/google_drive/goworkplace/src/jsonutil/valueTypesInMap.go:10.22,11.91 1 1
_/Users/liweizhang/google_drive/goworkplace/src/jsonutil/valueTypesInMap.go:11.91,13.4 1 1
_/Users/liweizhang/google_drive/goworkplace/src/jsonutil/valueTypesInMap.go:19.97,21.22 2 1
_/Users/liweizhang/google_drive/goworkplace/src/jsonutil/valueTypesInMap.go:26.2,26.11 1 1
_/Users/liweizhang/google_drive/goworkplace/src/jsonutil/valueTypesInMap.go:21.22,22.94 1 1
_/Users/liweizhang/google_drive/goworkplace/src/jsonutil/valueTypesInMap.go:22.94,24.4 1 1
_/Users/liweizhang/google_drive/goworkplace/src/jsonutil/valueTypesInMap.go:31.89,33.11 2 0
_/Users/liweizhang/google_drive/goworkplace/src/jsonutil/valueTypesInMap.go:40.2,41.16 2 0
_/Users/liweizhang/google_drive/goworkplace/src/jsonutil/valueTypesInMap.go:33.11,34.32 1 0
_/Users/liweizhang/google_drive/goworkplace/src/jsonutil/valueTypesInMap.go:34.32,36.4 1 0
_/Users/liweizhang/google_drive/goworkplace/src/jsonutil/valueTypesInMap.go:36.4,38.4 1 0
